<?xml version="1.0" encoding="UTF-8"?>
<!-- Generated by org.testng.reporters.JUnitReportReporter -->
<testsuite hostname="Mohammad" failures="0" tests="4" name="api.test.UserTests" time="3.853" errors="0" timestamp="2023-06-06T19:51:02 EDT" skipped="0">
  <testcase classname="api.test.UserTests" name="testPostUser" time="2.734"/>
  <system-out/>
  <testcase classname="api.test.UserTests" name="testGetUserByName" time="0.313"/>
  <system-out/>
  <testcase classname="api.test.UserTests" name="testUpdateUserByName" time="0.493"/>
  <system-out/>
  <testcase classname="api.test.UserTests" name="testDeleteUserByName" time="0.313"/>
  <system-out/>
</testsuite> <!-- api.test.UserTests -->
