<?xml version="1.0" encoding="UTF-8"?>
<!-- Generated by org.testng.reporters.JUnitReportReporter -->
<testsuite hostname="Mohammad" failures="0" tests="8" name="api.test.DDTest" time="2.005" errors="0" timestamp="2023-06-06T19:51:02 EDT" skipped="0">
  <testcase classname="api.test.DDTest" name="testPostUser" time="0.298"/>
  <system-out/>
  <testcase classname="api.test.DDTest" name="testPostUser" time="0.217"/>
  <system-out/>
  <testcase classname="api.test.DDTest" name="testPostUser" time="0.244"/>
  <system-out/>
  <testcase classname="api.test.DDTest" name="testPostUser" time="0.247"/>
  <system-out/>
  <testcase classname="api.test.DDTest" name="testDeleteUser" time="0.248"/>
  <system-out/>
  <testcase classname="api.test.DDTest" name="testDeleteUser" time="0.248"/>
  <system-out/>
  <testcase classname="api.test.DDTest" name="testDeleteUser" time="0.255"/>
  <system-out/>
  <testcase classname="api.test.DDTest" name="testDeleteUser" time="0.248"/>
  <system-out/>
</testsuite> <!-- api.test.DDTest -->
