<?xml version="1.0" encoding="UTF-8"?>
<!-- Generated by org.testng.reporters.JUnitReportReporter -->
<testsuite hostname="Mohammad" failures="0" tests="4" name="api.test.UserTests2" time="3.975" errors="0" timestamp="2023-06-07T07:39:54 EDT" skipped="0">
  <testcase classname="api.test.UserTests2" name="testPostUser" time="2.672"/>
  <system-out/>
  <testcase classname="api.test.UserTests2" name="testGetUserByName" time="0.269"/>
  <system-out/>
  <testcase classname="api.test.UserTests2" name="testUpdateUserByName" time="0.688"/>
  <system-out/>
  <testcase classname="api.test.UserTests2" name="testDeleteUserByName" time="0.346"/>
  <system-out/>
</testsuite> <!-- api.test.UserTests2 -->
